# JRE version: Java(TM) SE Runtime Environment (7.0_79-b15) (build 1.7.0_79-b15)
# Java VM: Java HotSpot(TM) 64-Bit Server VM (24.79-b02 mixed mode bsd-amd64 compressed oops)
Heap
 PSYoungGen      total 84992K, used 21119K [0x00000007d5500000, 0x00000007dc500000, 0x0000000800000000)
  eden space 64512K, 4% used [0x00000007d5500000,0x00000007d57b8490,0x00000007d9400000)
  from space 20480K, 89% used [0x00000007dab00000,0x00000007dbce78c0,0x00000007dbf00000)
  to   space 23552K, 0% used [0x00000007d9400000,0x00000007d9400000,0x00000007dab00000)
 ParOldGen       total 87040K, used 29060K [0x0000000780000000, 0x0000000785500000, 0x00000007d5500000)
  object space 87040K, 33% used [0x0000000780000000,0x0000000781c612f0,0x0000000785500000)
 PSPermGen       total 21504K, used 21300K [0x000000077ae00000, 0x000000077c300000, 0x0000000780000000)
  object space 21504K, 99% used [0x000000077ae00000,0x000000077c2cd350,0x000000077c300000)
GC Heap History (10 events):
Event: 3.546 GC heap before
{Heap before GC invocations=2 (full 0):
 PSYoungGen      total 38912K, used 38605K [0x00000007d5500000, 0x00000007d8000000, 0x0000000800000000)
  eden space 33792K, 100% used [0x00000007d5500000,0x00000007d7600000,0x00000007d7600000)
  from space 5120K, 94% used [0x00000007d7600000,0x00000007d7ab37c8,0x00000007d7b00000)
  to   space 5120K, 0% used [0x00000007d7b00000,0x00000007d7b00000,0x00000007d8000000)
 ParOldGen       total 87040K, used 8K [0x0000000780000000, 0x0000000785500000, 0x00000007d5500000)
  object space 87040K, 0% used [0x0000000780000000,0x0000000780002000,0x0000000785500000)
 PSPermGen       total 21504K, used 19704K [0x000000077ae00000, 0x000000077c300000, 0x0000000780000000)
  object space 21504K, 91% used [0x000000077ae00000,0x000000077c13e3a8,0x000000077c300000)
Event: 3.560 GC heap after
Heap after GC invocations=2 (full 0):
 PSYoungGen      total 38912K, used 5117K [0x00000007d5500000, 0x00000007d8000000, 0x0000000800000000)
  eden space 33792K, 0% used [0x00000007d5500000,0x00000007d5500000,0x00000007d7600000)
  from space 5120K, 99% used [0x00000007d7b00000,0x00000007d7fff4a0,0x00000007d8000000)
  to   space 5120K, 0% used [0x00000007d7600000,0x00000007d7600000,0x00000007d7b00000)
 ParOldGen       total 87040K, used 1763K [0x0000000780000000, 0x0000000785500000, 0x00000007d5500000)
  object space 87040K, 2% used [0x0000000780000000,0x00000007801b8c50,0x0000000785500000)
 PSPermGen       total 21504K, used 19704K [0x000000077ae00000, 0x000000077c300000, 0x0000000780000000)
  object space 21504K, 91% used [0x000000077ae00000,0x000000077c13e3a8,0x000000077c300000)
}
Event: 7.157 GC heap before
{Heap before GC invocations=3 (full 0):
 PSYoungGen      total 38912K, used 38893K [0x00000007d5500000, 0x00000007d8000000, 0x0000000800000000)
  eden space 33792K, 99% used [0x00000007d5500000,0x00000007d75fbfe0,0x00000007d7600000)
  from space 5120K, 99% used [0x00000007d7b00000,0x00000007d7fff4a0,0x00000007d8000000)
  to   space 5120K, 0% used [0x00000007d7600000,0x00000007d7600000,0x00000007d7b00000)
 ParOldGen       total 87040K, used 1763K [0x0000000780000000, 0x0000000785500000, 0x00000007d5500000)
  object space 87040K, 2% used [0x0000000780000000,0x00000007801b8c50,0x0000000785500000)
 PSPermGen       total 21504K, used 21129K [0x000000077ae00000, 0x000000077c300000, 0x0000000780000000)
  object space 21504K, 98% used [0x000000077ae00000,0x000000077c2a26e0,0x000000077c300000)
Event: 7.175 GC heap after
Heap after GC invocations=3 (full 0):
 PSYoungGen      total 38912K, used 5110K [0x00000007d5500000, 0x00000007d8000000, 0x0000000800000000)
  eden space 33792K, 0% used [0x00000007d5500000,0x00000007d5500000,0x00000007d7600000)
  from space 5120K, 99% used [0x00000007d7600000,0x00000007d7afd870,0x00000007d7b00000)
  to   space 5120K, 0% used [0x00000007d7b00000,0x00000007d7b00000,0x00000007d8000000)
 ParOldGen       total 87040K, used 7600K [0x0000000780000000, 0x0000000785500000, 0x00000007d5500000)
  object space 87040K, 8% used [0x0000000780000000,0x000000078076c200,0x0000000785500000)
 PSPermGen       total 21504K, used 21129K [0x000000077ae00000, 0x000000077c300000, 0x0000000780000000)
  object space 21504K, 98% used [0x000000077ae00000,0x000000077c2a26e0,0x000000077c300000)
}
Event: 8.146 GC heap before
{Heap before GC invocations=4 (full 0):
 PSYoungGen      total 38912K, used 38210K [0x00000007d5500000, 0x00000007d8000000, 0x0000000800000000)
  eden space 33792K, 97% used [0x00000007d5500000,0x00000007d7552f90,0x00000007d7600000)
  from space 5120K, 99% used [0x00000007d7600000,0x00000007d7afd870,0x00000007d7b00000)
  to   space 5120K, 0% used [0x00000007d7b00000,0x00000007d7b00000,0x00000007d8000000)
 ParOldGen       total 87040K, used 7600K [0x0000000780000000, 0x0000000785500000, 0x00000007d5500000)
  object space 87040K, 8% used [0x0000000780000000,0x000000078076c200,0x0000000785500000)
 PSPermGen       total 21504K, used 21198K [0x000000077ae00000, 0x000000077c300000, 0x0000000780000000)
  object space 21504K, 98% used [0x000000077ae00000,0x000000077c2b3a58,0x000000077c300000)
Event: 8.158 GC heap after
Heap after GC invocations=4 (full 0):
 PSYoungGen      total 38912K, used 5109K [0x00000007d5500000, 0x00000007d8000000, 0x0000000800000000)
  eden space 33792K, 0% used [0x00000007d5500000,0x00000007d5500000,0x00000007d7600000)
  from space 5120K, 99% used [0x00000007d7b00000,0x00000007d7ffd6d0,0x00000007d8000000)
  to   space 5120K, 0% used [0x00000007d7600000,0x00000007d7600000,0x00000007d7b00000)
 ParOldGen       total 87040K, used 17473K [0x0000000780000000, 0x0000000785500000, 0x00000007d5500000)
  object space 87040K, 20% used [0x0000000780000000,0x0000000781110598,0x0000000785500000)
 PSPermGen       total 21504K, used 21198K [0x000000077ae00000, 0x000000077c300000, 0x0000000780000000)
  object space 21504K, 98% used [0x000000077ae00000,0x000000077c2b3a58,0x000000077c300000)
}
Event: 8.253 GC heap before
{Heap before GC invocations=5 (full 0):
 PSYoungGen      total 38912K, used 38665K [0x00000007d5500000, 0x00000007d8000000, 0x0000000800000000)
  eden space 33792K, 99% used [0x00000007d5500000,0x00000007d75c50a8,0x00000007d7600000)
  from space 5120K, 99% used [0x00000007d7b00000,0x00000007d7ffd6d0,0x00000007d8000000)
  to   space 5120K, 0% used [0x00000007d7600000,0x00000007d7600000,0x00000007d7b00000)
 ParOldGen       total 87040K, used 17473K [0x0000000780000000, 0x0000000785500000, 0x00000007d5500000)
  object space 87040K, 20% used [0x0000000780000000,0x0000000781110598,0x0000000785500000)
 PSPermGen       total 21504K, used 21266K [0x000000077ae00000, 0x000000077c300000, 0x0000000780000000)
  object space 21504K, 98% used [0x000000077ae00000,0x000000077c2c4b48,0x000000077c300000)
Event: 8.272 GC heap after
Heap after GC invocations=5 (full 0):
 PSYoungGen      total 38912K, used 5089K [0x00000007d5500000, 0x00000007dbf00000, 0x0000000800000000)
  eden space 33792K, 0% used [0x00000007d5500000,0x00000007d5500000,0x00000007d7600000)
  from space 5120K, 99% used [0x00000007d7600000,0x00000007d7af87a8,0x00000007d7b00000)
  to   space 20480K, 0% used [0x00000007dab00000,0x00000007dab00000,0x00000007dbf00000)
 ParOldGen       total 87040K, used 29060K [0x0000000780000000, 0x0000000785500000, 0x00000007d5500000)
  object space 87040K, 33% used [0x0000000780000000,0x0000000781c612f0,0x0000000785500000)
 PSPermGen       total 21504K, used 21266K [0x000000077ae00000, 0x000000077c300000, 0x0000000780000000)
  object space 21504K, 98% used [0x000000077ae00000,0x000000077c2c4b48,0x000000077c300000)
}
Event: 508.020 GC heap before
{Heap before GC invocations=6 (full 0):
 PSYoungGen      total 38912K, used 38881K [0x00000007d5500000, 0x00000007dbf00000, 0x0000000800000000)
  eden space 33792K, 100% used [0x00000007d5500000,0x00000007d7600000,0x00000007d7600000)
  from space 5120K, 99% used [0x00000007d7600000,0x00000007d7af87a8,0x00000007d7b00000)
  to   space 20480K, 0% used [0x00000007dab00000,0x00000007dab00000,0x00000007dbf00000)
 ParOldGen       total 87040K, used 29060K [0x0000000780000000, 0x0000000785500000, 0x00000007d5500000)
  object space 87040K, 33% used [0x0000000780000000,0x0000000781c612f0,0x0000000785500000)
 PSPermGen       total 21504K, used 21278K [0x000000077ae00000, 0x000000077c300000, 0x0000000780000000)
  object space 21504K, 98% used [0x000000077ae00000,0x000000077c2c7928,0x000000077c300000)
Event: 508.039 GC heap after
Heap after GC invocations=6 (full 0):
 PSYoungGen      total 84992K, used 18334K [0x00000007d5500000, 0x00000007dc500000, 0x0000000800000000)
  eden space 64512K, 0% used [0x00000007d5500000,0x00000007d5500000,0x00000007d9400000)
  from space 20480K, 89% used [0x00000007dab00000,0x00000007dbce78c0,0x00000007dbf00000)
  to   space 23552K, 0% used [0x00000007d9400000,0x00000007d9400000,0x00000007dab00000)
 ParOldGen       total 87040K, used 29060K [0x0000000780000000, 0x0000000785500000, 0x00000007d5500000)
  object space 87040K, 33% used [0x0000000780000000,0x0000000781c612f0,0x0000000785500000)
 PSPermGen       total 21504K, used 21278K [0x000000077ae00000, 0x000000077c300000, 0x0000000780000000)
  object space 21504K, 98% used [0x000000077ae00000,0x000000077c2c7928,0x000000077c300000)
}

